0
0
78514
70495
77766
127039
112910
90122
243542
168153
38172
13204
45119
73009
84236
4138
152752
22881
445552
0
377461
360519
431557
379185
780583
398653
739393
323749
158911
239576
57107
0
267826
45760
104690
243787
137316
193134
82412
161040
104976
17586
408
64558
98420
225104
2083
322614
71790
19466
85051
100892
4254
520091
243851
295214
337457
313347
247175
24987
99457
3296
268741
85477
295455
345611
2590
185149
17979
41914
246439
59912
156918
36002
404990
54556
449909
269953
295754
309092
4422
427818
299385
69056
18717
106089
6724
118944
249086
3253
328394
288115
39961
737
305741
276839
484088
59065
287691
354762
