2803586
2120887
2120887
2120887
2120887
2120887
2120887
2153500
2153500
628692
2949489
2153500
2153500
2153500
1247649
2153500
2986876
1752376
2153500
2153500
2153500
2153500
3041492
2153500
2153500
2084226
2153500
2153500
304853
2038263
2038263
1957159
1263976
1957159
129359
1957159
2851415
1957159
1957159
1957159
1957159
1957159
1957159
1001527
569129
1579576
1908531
1893409
1893409
1893409
611304
1893409
1893409
1893409
1893409
1893409
1893409
190229
1073888
1933151
1893409
1893409
159977
1087709
1765120
39310
1707865
0
1707865
1707865
1707865
1926646
1707865
1707865
2789317
1813209
1813209
1813209
1813209
2577133
1813209
1813209
754333
1813209
1452794
754333
1549121
1813209
1813209
1813209
1859470
754333
1813209
754333
1813209
1813209
1813209
1813209
1813209
1813209
1813209
1813209
1813209
1813209
1813209
1814064
1324750
1648725
1648725
1648725
1648725
626751
699602
1648725
1648725
568612
945113
1588499
958578
1648725
852845
1648725
827652
1648725
831985
1648725
1648725
1588499
1555661
1477658
2245155
1341913
417077
831985
1739584
1739584
2314988
1739584
1341913
1341913
1739584
1739584
2203566
1778613
1258526
275070
1778613
1778613
1778613
2130327
1778613
1778613
991306
1778613
1749834
1678990
858283
1766115
1063517
1063517
1731644
1496914
388862
1556291
1325576
520645
1563757
1076014
1563757
1563757
1563757
1342191
1563757
1563757
2202844
1553055
1652068
1553055
1553055
1553055
1553055
1539963
1495372
1539963
2197901
947527
1539963
1539963
1248043
1495372
1503680
1560052
1560052
2150383
1560052
946058
1497642
1497642
1480793
1480793
1983360
1480793
1480793
1480793
1480793
1480793
1480793
1480793
1480793
1452900
1452900
1562913
881349
881349
510180
225937
1347036
1347036
1347036
1347036
1347036
1312901
1213419
1213419
1312901
1312901
1312901
965814
1312901
1312901
1312901
1312901
45055
1781673
1203439
1312901
1222648
1360419
659169
837143
1736945
1360419
1360419
1360419
189207
1122381
1360419
1360419
1265619
1390359
287638
1390359
1265619
1390359
1390359
1894041
1390359
1390359
1224921
1390359
1390359
1390359
1390359
1390359
1390359
1265478
1224921
1390359
1390359
1390359
1390359
1162294
404499
1162294
1711081
1162294
1268716
1112728
1390359
1390359
1711081
1267622
562119
1374044
1267622
1415758
1440220
1440220
1440220
404499
1440220
1129757
1440220
240598
1370148
441581
1321660
709932
1321660
1367134
1260714
1260714
1206206
1260714
1260714
1041870
1206206
1260714
901251
1260714
1260714
1041870
1260714
1260714
1157271
1157271
1041870
1394772
171390
1157271
735104
1299766
1157271
1157271
1299766
460246
1337469
1349050
1349050
1296146
1349050
1349050
229939
1349050
1349050
1349050
661114
1349050
1307555
1296146
1307555
1307555
1296146
1307555
1307555
1307555
1307555
1307555
1257877
1307555
1296146
1307555
1307555
1307555
744418
1307555
1307555
1283256
1283256
1307555
1295934
1283256
1283256
1283256
991863
1283256
963656
1283256
1283256
991863
1283256
1244987
1283256
1283256
1483680
1483680
1283256
404499
1283256
1283256
1361559
391380
1283256
1164073
963656
1453593
1081720
1153553
1153553
488086
687744
1002770
1395074
1229123
1323622
1549737
1597601
1333291
1333291
1509718
785000
1246045
1241480
1241480
1126001
1241480
1241480
1241480
404499
1241480
1241480
1274048
1241480
1013637
1241480
1241480
1268626
1389190
243755
1268626
1268626
1283698
194510
1283698
1117261
1283698
531108
144669
1283698
261533
1270225
748290
1270225
1270225
1270225
1270225
1350303
930526
1270225
1270225
1270225
1270225
1270225
1270225
748290
1270225
1194655
1270225
930526
1270225
1270225
1231600
50596
1429709
1044789
261533
672351
1004568
1022559
1429709
1019270
1429709
261533
1429709
1429709
1429709
1429709
1429709
413691
1004568
1054973
1054973
1241183
1241183
1241183
1167314
455707
1167314
1167314
946234
817992
1284145
1284145
1009840
997508
901524
1251637
1251637
111252
1129407
1251637
1298537
108193
0
1226960
1226960
1226960
1226960
1368293
