8450 2178
500 6
656 10
68 109
29 415
7250 2
1301 12
306 84
185 207
2661 23
286 317
70 1668
2719 49
65 2114
104 1385
2875 51
58 2612
1922 87
51 4019
132 1553
1346 162
703 337
35 7270
155 1699
1513 175
297 892
264 1035
155 1772
273 1042
181 1712
5533 59
2379 139
77 4538
2129 177
78 4923
453 875
88 4517
4816 87
174 2458
48 8949
114 3798
608 714
74 6157
431 1074
2258 210
322 1522
296 1718
439 1256
1471 375
463 1245
3608 160
545 1077
367 1623
4173 143
125 4861
82 7546
984 631
413 1562
3262 198
1738 374
1671 393
67 9828
1001 659
313 2124
804 844
3218 211
278 2462
376 1821
233 3210
1739 441
151 5359
5749 150
142 6322
764 1197
430 2166
1211 770
443 2157
4582 209
3300 292
3902 250
407 2439
2577 386
2721 387
477 2208
2460 433
1099 990
201 5460
385 2858
136 8286
309 3684
2329 500
198 5935
2200 539
937 1289
269 4690
1367 943
3688 351
2604 504
1558 853
4564 297
287 4728
5702 238
144 9571
6281 225
323 4416
653 2188
307 4708
627 2333
9932 149
1995 760
1039 1460
2699 568
820 1890
1202 1290
3196 501
2035 788
335 4810
413 3934
2038 826
291 5853
431 4037
294 5957
361 4867
477 3694
1260 1401
3943 450
720 2481
251 7140
1703 1075
668 2744
860 2149
2220 833
768 2449
4052 466
630 3088
3572 546
210 9398
856 2331
1773 1131
8274 244
343 5934
526 3906
8681 239
976 2149
315 6659
3316 635
1393 1533
574 3738
5687 388
7644 290
1751 1269
9910 225
913 2477
926 2444
751 3020
7187 317
1619 1464
431 5502
3886 626
2457 992
312 7906
1150 2159
748 3321
634 3961
360 7028
941 2705
2470 1049
6676 393
3747 715
1573 1707
1907 1413
300 8991
1882 1444
7778 350
4158 660
1347 2079
8104 348
4461 637
2530 1124
447 6463
2884 1008
488 5974
3091 946
4352 674
581 5081
1912 1544
3750 797
1270 2355
724 4198
5079 620
2379 1328
789 4087
6947 470
756 4329
4845 681
1624 2035
1314 2532
475 7024
852 3920
417 8139
1435 2409
1656 2095
2784 1247
7446 468
6194 563
8323 424
1144 3109
1081 3291
1201 2970
882 4107
4313 842
1458 2496
759 4807
7077 519
482 7671
2931 1264
3385 1098
479 7766
867 4318
4879 779
3624 1069
1197 3272
5895 667
439 8973
680 5833
401 9900
2718 1461
8636 460
2477 1606
1249 3222
2456 1673
9020 459
3545 1170
452 9326
7836 539
4530 937
808 5328
5259 823
1156 3755
529 8248
3304 1332
600 7378
9757 461
638 7104
490 9280
7993 572
743 6155
1527 3014
9043 510
1766 2673
3329 1419
1447 3287
9428 510
5769 838
2580 1882
4625 1056
6594 741
6907 708
2009 2444
7212 693
9720 517
2827 1781
2268 2251
8885 575
988 5171
3847 1336
1831 2819
2863 1811
2840 1827
5083 1022
4838 1085
3225 1634
6581 809
1156 4690
2888 1886
1054 5179
1085 5052
751 7356
2349 2363
1336 4170
1437 3886
6760 828
6235 903
6149 919
7030 810
4553 1254
678 8525
1094 5328
2523 2316
3366 1758
4607 1287
2385 2496
682 8783
947 6337
842 7165
9410 645
728 8409
7446 832
2235 2785
2301 2711
2730 2296
1543 4082
6576 958
1581 3997
717 8853
4951 1289
4169 1532
9260 692
1030 6245
886 7373
713 9168
2571 2610
3138 2145
8744 777
2481 2758
716 9639
2060 3360
2273 3058
1957 3557
1873 3727
1997 3497
3547 1978
932 7531
710 9978
1421 4996
5957 1194
8006 893
8725 827
2099 3459
6665 1105
4326 1704
8472 873
1034 7298
5240 1443
8517 891
7118 1068
7973 957
1482 5166
1073 7151
2281 3369
9833 783
4221 1837
5295 1474
2908 2697
9654 817
2344 3369
2073 3821
2708 2943
1457 5479
2429 3289
5635 1418
987 8103
4018 1996
3012 2670
2389 3418
1000 8166
2133 3829
4863 1696
2896 2878
1758 4792
7436 1137
2744 3084
1814 4702
1587 5380
9733 883
4153 2073
1217 7087
4416 1955
6564 1329
4907 1780
1311 6743
6391 1388
3174 2797
3581 2481
1125 7930
1529 5860
3601 2509
991 9152
1265 7196
8330 1096
3633 2513
9939 922
7160 1283
4327 2169
6984 1352
1409 6722
2001 4772
2192 4357
6121 1566
6465 1491
2242 4332
4992 1951
1339 7279
2890 3385
7638 1294
6103 1640
7838 1290
2270 4538
2004 5183
1180 8822
6295 1656
2441 4297
7678 1368
1426 7389
3456 3055
1517 6973
8850 1201
1144 9367
4801 2233
1103 9739
1405 7649
4409 2444
2742 3943
2099 5170
3587 3050
4627 2369
7632 1439
6179 1779
9970 1106
2580 4305
1858 6060
2007 5628
3229 3538
2457 4673
1632 7037
1151 9994
1730 6650
2200 5230
9416 1230
4433 2633
1533 7648
1403 8369
4045 2905
3563 3327
3744 3178
6382 1870
2854 4207
9437 1275
2444 4943
2608 4648
5731 2116
2400 5069
1588 7702
2111 5831
5586 2206
3584 3445
1414 8783
3882 3208
6870 1822
1503 8338
2552 4918
2263 5572
6443 1961
9473 1341
5491 2315
1779 7152
4616 2761
5157 2495
3450 3751
1621 8031
3233 4051
4994 2633
8928 1482
2783 4757
1339 9945
9268 1446
3678 3650
1421 9466
2027 6672
2393 5670
2047 6637
2766 4924
4316 3156
7981 1710
3180 4324
2562 5374
1846 7473
4531 3056
7783 1783
5702 2437
1925 7242
8074 1763
5429 2622
2554 5649
4737 3048
4726 3082
2960 4931
3260 4485
1564 9470
3025 4903
1581 9384
2578 5793
1573 9571
1567 9644
7521 2022
1689 9055
6309 2428
5900 2599
2106 7290
7987 1924
5467 2814
6854 2246
6886 2265
8339 1896
8793 1801
3390 4699
8978 1779
6701 2384
1843 8679
5169 3108
7684 2104
9625 1687
3229 5056
2616 6248
1685 9704
8785 1864
9068 1808
1838 8940
6740 2440
4373 3765
4168 3966
2275 7382
4980 3381
2959 5705
1987 8496
7155 2365
2305 7375
2487 6837
1846 9230
1757 9720
8101 2109
8724 1960
2673 6434
8671 1992
2489 6941
2173 7980
6891 2550
5771 3049
4340 4093
3146 5647
3245 5518
7316 2470
8037 2255
4796 3780
1983 9148
4511 4024
9958 1823
4770 3835
7833 2355
2311 8019
2044 9077
8173 2279
7983 2334
4793 3901
8210 2287
3971 4769
9043 2100
5622 3392
7824 2449
7585 2527
6481 2967
7859 2452
2067 9337
7023 2756
2651 7355
3371 5794
2479 7892
3152 6257
4784 4144
2615 7612
2297 8697
3105 6446
9076 2206
8582 2339
7502 2690
2544 7981
3294 6167
3232 6329
2165 9472
8271 2485
2553 8082
4495 4608
2863 7242
2079 9988
2667 7797
3270 6421
7353 2867
4378 4838
9136 2325
3168 6705
2478 8586
3157 6753
2737 7796
6246 3418
6927 3083
6458 3316
3728 5765
8301 2601
2656 8152
6341 3415
3346 6477
9908 2188
5698 3819
4153 5249
7064 3096
7913 2778
4751 4637
3663 6121
2287 9838
4126 5457
9246 2436
3838 5887
2354 9609
7054 3221
7623 2981
3918 5803
9224 2480
7118 3217
3060 7487
5770 4001
9004 2573
3427 6765
8713 2688
7895 2967
5178 4533
8207 2879
6042 3924
3687 6436
7403 3206
3713 6394
2441 9735
7993 2999
8686 2760
2752 8798
3204 7573
8996 2699
5895 4132
3276 7438
7136 3418
3202 7650
4621 5396
4711 5319
2579 9723
9450 2658
8990 2804
2899 8732
8202 3094
3893 6529
4096 6226
3330 7665
3697 6905
6417 3983
7376 3468
2582 9994
9070 2867
6348 4101
6641 3923
3023 8664
6713 3911
8362 3143
4716 5579
4757 5561
3270 8103
9643 2749
4762 5605
3662 7322
6440 4243
9405 2911
5358 5134
7332 3771
9292 2983
2997 9343
6943 4041
7923 3545
3306 8503
6471 4354
4172 6770
4632 6110
4021 7062
6237 4590
8428 3398
7124 4021
8925 3232
3980 7254
4708 6141
5721 5083
2917 9976
3354 8684
8545 3418
9157 3199
4650 6306
4121 7191
5547 5373
4306 6980
6844 4414
3616 8391
3426 8862
9747 3120
7447 4104
5000 6138
6315 4900
6022 5139
4443 7029
5732 5459
6132 5109
7835 4021
7015 4502
8506 3715
9362 3378
5259 6023
5828 5440
9041 3517
6011 5296
7321 4364
3590 8931
3603 8902
6872 4683
4110 7835
5660 5695
4722 6841
6833 4788
5443 6060
4861 6826
4093 8161
7104 4727
8536 3938
5444 6209
3513 9634
7682 4410
6940 4904
5903 5782
8071 4232
4144 8251
7411 4637
5423 6348
8220 4195
5493 6283
5250 6587
3883 8918
6702 5195
4660 7473
6556 5321
4636 7525
9501 3686
7615 4641
8924 3961
5777 6240
4703 7666
6341 5690
9676 3735
5402 6737
6609 5525
7251 5051
7468 4936
6279 5900
9948 3730
9473 3930
8911 4180
4674 8007
6436 5818
7754 4849
6406 5873
7945 4739
4520 8349
8175 4622
4201 9006
3884 9780
4178 9138
5393 7089
4940 7749
8542 4483
7223 5304
5131 7484
5546 6966
9172 4238
6615 5877
6300 6172
5361 7292
5150 7593
4048 9690
4509 8748
8455 4672
4114 9626
5511 7200
4805 8286
7079 5626
9838 4049
7837 5103
4747 8511
7593 5323
5082 8004
5231 7864
5551 7435
6573 6293
9109 4554
4809 8630
5174 8086
5357 7826
8053 5217
7266 5820
5363 7901
5541 7648
6500 6528
6521 6554
8368 5129
4769 9033
4806 8970
6819 6324
9626 4484
6085 7154
5173 8512
9532 4635
6237 7123
6904 6456
5699 7828
7682 5821
6116 7351
6418 7040
9409 4803
4877 9271
8374 5410
8605 5282
5234 8749
9447 4866
7317 6330
5713 8114
7091 6569
6440 7235
9130 5111
7553 6202
7427 6315
5144 9118
6755 6946
8325 5638
8718 5410
9211 5158
6090 7818
8664 5525
8218 5832
9473 5062
8800 5455
8388 5728
9181 5245
7123 6764
6166 7848
6100 7970
9341 5237
8909 5494
5856 8391
7854 6276
6780 7281
6816 7263
4966 9975
5054 9843
7497 6637
5560 8950
7185 6965
9674 5200
8611 5852
6951 7321
7899 6448
7365 6956
8654 5932
8800 5850
6771 7624
7125 7268
6636 7807
9404 5558
5511 9494
9831 5354
5705 9264
9677 5462
6914 7655
8733 6083
5719 9305
8484 6275
7856 6778
7794 6847
8264 6471
5385 9958
5403 9999
7315 7419
8535 6394
5557 9832
8756 6249
7200 7610
5764 9542
8469 6521
6086 9092
8788 6302
7489 7502
8464 6639
9648 5825
7816 7200
9668 5950
8757 6612
8085 7171
6924 8388
8889 6553
7254 8054
7887 7453
6676 8815
8391 7062
8724 6804
7398 8081
8072 7409
7613 7879
9735 6170
6429 9365
7319 8228
7102 8519
8583 7065
8347 7268
9083 6692
7851 7762
7166 8539
9635 6362
8361 7336
6652 9247
9068 6821
8609 7225
8814 7063
6406 9725
8175 7624
6542 9610
7454 8445
8988 7045
7300 8712
8227 7736
8151 7810
6735 9624
9904 6567
7166 9100
8896 7350
8233 7963
8315 7892
6593 9969
7963 8263
7704 8575
8137 8169
7934 8430
7228 9255
9013 7437
8606 7868
7679 8832
7811 8703
8283 8224
8358 8170
8140 8506
9712 7156
9875 7086
7767 9011
8703 8044
8471 8286
9490 7413
9926 7117
9802 7224
7117 9999
8617 8269
9870 7296
9631 7482
9063 7989
9605 7562
8454 8642
8036 9128
8724 8491
8516 8703
9571 7744
9129 8137
9557 7797
9720 7728
7973 9553
8845 8632
9551 8017
9515 8085
8779 8963
9387 8444
9463 8426
9218 8682
9442 8517
8713 9237
9705 8304
8857 9114
8940 9041
9529 8538
8688 9388
8590 9974
9045 9505
9914 8686
9249 9347
9642 8977
8984 9638
9581 9058
9694 9077
9116 9657
9790 9027
9998 8926
9939 9007
9039 9990
9381 9843
9357 9872
