hello
hellO
hell111
hell79
helLo
helLO
helL111
helL79
hel108o
hel108O
hel108111
hel10879
hel76o
hel76O
hel76111
hel7679
heLlo
heLlO
heLl111
heLl79
heLLo
heLLO
heLL111
heLL79
heL108o
heL108O
heL108111
heL10879
heL76o
heL76O
heL76111
heL7679
he108lo
he108lO
he108l111
he108l79
he108Lo
he108LO
he108L111
he108L79
he108108o
he108108O
he108108111
he10810879
he10876o
he10876O
he10876111
he1087679
he76lo
he76lO
he76l111
he76l79
he76Lo
he76LO
he76L111
he76L79
he76108o
he76108O
he76108111
he7610879
he7676o
he7676O
he7676111
he767679
hEllo
hEllO
hEll111
hEll79
hElLo
hElLO
hElL111
hElL79
hEl108o
hEl108O
hEl108111
hEl10879
hEl76o
hEl76O
hEl76111
hEl7679
hELlo
hELlO
hELl111
hELl79
hELLo
hELLO
hELL111
hELL79
hEL108o
hEL108O
hEL108111
hEL10879
hEL76o
hEL76O
hEL76111
hEL7679
hE108lo
hE108lO
hE108l111
hE108l79
hE108Lo
hE108LO
hE108L111
hE108L79
hE108108o
hE108108O
hE108108111
hE10810879
hE10876o
hE10876O
hE10876111
hE1087679
hE76lo
hE76lO
hE76l111
hE76l79
hE76Lo
hE76LO
hE76L111
hE76L79
hE76108o
hE76108O
hE76108111
hE7610879
hE7676o
hE7676O
hE7676111
hE767679
h101llo
h101llO
h101ll111
h101ll79
h101lLo
h101lLO
h101lL111
h101lL79
h101l108o
h101l108O
h101l108111
h101l10879
h101l76o
h101l76O
h101l76111
h101l7679
h101Llo
h101LlO
h101Ll111
h101Ll79
h101LLo
h101LLO
h101LL111
h101LL79
h101L108o
h101L108O
h101L108111
h101L10879
h101L76o
h101L76O
h101L76111
h101L7679
h101108lo
h101108lO
h101108l111
h101108l79
h101108Lo
h101108LO
h101108L111
h101108L79
h101108108o
h101108108O
h101108108111
h10110810879
h10110876o
h10110876O
h10110876111
h1011087679
h10176lo
h10176lO
h10176l111
h10176l79
h10176Lo
h10176LO
h10176L111
h10176L79
h10176108o
h10176108O
h10176108111
h1017610879
h1017676o
h1017676O
h1017676111
h101767679
h69llo
h69llO
h69ll111
h69ll79
h69lLo
h69lLO
h69lL111
h69lL79
h69l108o
h69l108O
h69l108111
h69l10879
h69l76o
h69l76O
h69l76111
h69l7679
h69Llo
h69LlO
h69Ll111
h69Ll79
h69LLo
h69LLO
h69LL111
h69LL79
h69L108o
h69L108O
h69L108111
h69L10879
h69L76o
h69L76O
h69L76111
h69L7679
h69108lo
h69108lO
h69108l111
h69108l79
h69108Lo
h69108LO
h69108L111
h69108L79
h69108108o
h69108108O
h69108108111
h6910810879
h6910876o
h6910876O
h6910876111
h691087679
h6976lo
h6976lO
h6976l111
h6976l79
h6976Lo
h6976LO
h6976L111
h6976L79
h6976108o
h6976108O
h6976108111
h697610879
h697676o
h697676O
h697676111
h69767679
Hello
HellO
Hell111
Hell79
HelLo
HelLO
HelL111
HelL79
Hel108o
Hel108O
Hel108111
Hel10879
Hel76o
Hel76O
Hel76111
Hel7679
HeLlo
HeLlO
HeLl111
HeLl79
HeLLo
HeLLO
HeLL111
HeLL79
HeL108o
HeL108O
HeL108111
HeL10879
HeL76o
HeL76O
HeL76111
HeL7679
He108lo
He108lO
He108l111
He108l79
He108Lo
He108LO
He108L111
He108L79
He108108o
He108108O
He108108111
He10810879
He10876o
He10876O
He10876111
He1087679
He76lo
He76lO
He76l111
He76l79
He76Lo
He76LO
He76L111
He76L79
He76108o
He76108O
He76108111
He7610879
He7676o
He7676O
He7676111
He767679
HEllo
HEllO
HEll111
HEll79
HElLo
HElLO
HElL111
HElL79
HEl108o
HEl108O
HEl108111
HEl10879
HEl76o
HEl76O
HEl76111
HEl7679
HELlo
HELlO
HELl111
HELl79
HELLo
HELLO
HELL111
HELL79
HEL108o
HEL108O
HEL108111
HEL10879
HEL76o
HEL76O
HEL76111
HEL7679
HE108lo
HE108lO
HE108l111
HE108l79
HE108Lo
HE108LO
HE108L111
HE108L79
HE108108o
HE108108O
HE108108111
HE10810879
HE10876o
HE10876O
HE10876111
HE1087679
HE76lo
HE76lO
HE76l111
HE76l79
HE76Lo
HE76LO
HE76L111
HE76L79
HE76108o
HE76108O
HE76108111
HE7610879
HE7676o
HE7676O
HE7676111
HE767679
H101llo
H101llO
H101ll111
H101ll79
H101lLo
H101lLO
H101lL111
H101lL79
H101l108o
H101l108O
H101l108111
H101l10879
H101l76o
H101l76O
H101l76111
H101l7679
H101Llo
H101LlO
H101Ll111
H101Ll79
H101LLo
H101LLO
H101LL111
H101LL79
H101L108o
H101L108O
H101L108111
H101L10879
H101L76o
H101L76O
H101L76111
H101L7679
H101108lo
H101108lO
H101108l111
H101108l79
H101108Lo
H101108LO
H101108L111
H101108L79
H101108108o
H101108108O
H101108108111
H10110810879
H10110876o
H10110876O
H10110876111
H1011087679
H10176lo
H10176lO
H10176l111
H10176l79
H10176Lo
H10176LO
H10176L111
H10176L79
H10176108o
H10176108O
H10176108111
H1017610879
H1017676o
H1017676O
H1017676111
H101767679
H69llo
H69llO
H69ll111
H69ll79
H69lLo
H69lLO
H69lL111
H69lL79
H69l108o
H69l108O
H69l108111
H69l10879
H69l76o
H69l76O
H69l76111
H69l7679
H69Llo
H69LlO
H69Ll111
H69Ll79
H69LLo
H69LLO
H69LL111
H69LL79
H69L108o
H69L108O
H69L108111
H69L10879
H69L76o
H69L76O
H69L76111
H69L7679
H69108lo
H69108lO
H69108l111
H69108l79
H69108Lo
H69108LO
H69108L111
H69108L79
H69108108o
H69108108O
H69108108111
H6910810879
H6910876o
H6910876O
H6910876111
H691087679
H6976lo
H6976lO
H6976l111
H6976l79
H6976Lo
H6976LO
H6976L111
H6976L79
H6976108o
H6976108O
H6976108111
H697610879
H697676o
H697676O
H697676111
H69767679
104ello
104ellO
104ell111
104ell79
104elLo
104elLO
104elL111
104elL79
104el108o
104el108O
104el108111
104el10879
104el76o
104el76O
104el76111
104el7679
104eLlo
104eLlO
104eLl111
104eLl79
104eLLo
104eLLO
104eLL111
104eLL79
104eL108o
104eL108O
104eL108111
104eL10879
104eL76o
104eL76O
104eL76111
104eL7679
104e108lo
104e108lO
104e108l111
104e108l79
104e108Lo
104e108LO
104e108L111
104e108L79
104e108108o
104e108108O
104e108108111
104e10810879
104e10876o
104e10876O
104e10876111
104e1087679
104e76lo
104e76lO
104e76l111
104e76l79
104e76Lo
104e76LO
104e76L111
104e76L79
104e76108o
104e76108O
104e76108111
104e7610879
104e7676o
104e7676O
104e7676111
104e767679
104Ello
104EllO
104Ell111
104Ell79
104ElLo
104ElLO
104ElL111
104ElL79
104El108o
104El108O
104El108111
104El10879
104El76o
104El76O
104El76111
104El7679
104ELlo
104ELlO
104ELl111
104ELl79
104ELLo
104ELLO
104ELL111
104ELL79
104EL108o
104EL108O
104EL108111
104EL10879
104EL76o
104EL76O
104EL76111
104EL7679
104E108lo
104E108lO
104E108l111
104E108l79
104E108Lo
104E108LO
104E108L111
104E108L79
104E108108o
104E108108O
104E108108111
104E10810879
104E10876o
104E10876O
104E10876111
104E1087679
104E76lo
104E76lO
104E76l111
104E76l79
104E76Lo
104E76LO
104E76L111
104E76L79
104E76108o
104E76108O
104E76108111
104E7610879
104E7676o
104E7676O
104E7676111
104E767679
104101llo
104101llO
104101ll111
104101ll79
104101lLo
104101lLO
104101lL111
104101lL79
104101l108o
104101l108O
104101l108111
104101l10879
104101l76o
104101l76O
104101l76111
104101l7679
104101Llo
104101LlO
104101Ll111
104101Ll79
104101LLo
104101LLO
104101LL111
104101LL79
104101L108o
104101L108O
104101L108111
104101L10879
104101L76o
104101L76O
104101L76111
104101L7679
104101108lo
104101108lO
104101108l111
104101108l79
104101108Lo
104101108LO
104101108L111
104101108L79
104101108108o
104101108108O
104101108108111
10410110810879
10410110876o
10410110876O
10410110876111
1041011087679
10410176lo
10410176lO
10410176l111
10410176l79
10410176Lo
10410176LO
10410176L111
10410176L79
10410176108o
10410176108O
10410176108111
1041017610879
1041017676o
1041017676O
1041017676111
104101767679
10469llo
10469llO
10469ll111
10469ll79
10469lLo
10469lLO
10469lL111
10469lL79
10469l108o
10469l108O
10469l108111
10469l10879
10469l76o
10469l76O
10469l76111
10469l7679
10469Llo
10469LlO
10469Ll111
10469Ll79
10469LLo
10469LLO
10469LL111
10469LL79
10469L108o
10469L108O
10469L108111
10469L10879
10469L76o
10469L76O
10469L76111
10469L7679
10469108lo
10469108lO
10469108l111
10469108l79
10469108Lo
10469108LO
10469108L111
10469108L79
10469108108o
10469108108O
10469108108111
1046910810879
1046910876o
1046910876O
1046910876111
104691087679
1046976lo
1046976lO
1046976l111
1046976l79
1046976Lo
1046976LO
1046976L111
1046976L79
1046976108o
1046976108O
1046976108111
104697610879
104697676o
104697676O
104697676111
10469767679
72ello
72ellO
72ell111
72ell79
72elLo
72elLO
72elL111
72elL79
72el108o
72el108O
72el108111
72el10879
72el76o
72el76O
72el76111
72el7679
72eLlo
72eLlO
72eLl111
72eLl79
72eLLo
72eLLO
72eLL111
72eLL79
72eL108o
72eL108O
72eL108111
72eL10879
72eL76o
72eL76O
72eL76111
72eL7679
72e108lo
72e108lO
72e108l111
72e108l79
72e108Lo
72e108LO
72e108L111
72e108L79
72e108108o
72e108108O
72e108108111
72e10810879
72e10876o
72e10876O
72e10876111
72e1087679
72e76lo
72e76lO
72e76l111
72e76l79
72e76Lo
72e76LO
72e76L111
72e76L79
72e76108o
72e76108O
72e76108111
72e7610879
72e7676o
72e7676O
72e7676111
72e767679
72Ello
72EllO
72Ell111
72Ell79
72ElLo
72ElLO
72ElL111
72ElL79
72El108o
72El108O
72El108111
72El10879
72El76o
72El76O
72El76111
72El7679
72ELlo
72ELlO
72ELl111
72ELl79
72ELLo
72ELLO
72ELL111
72ELL79
72EL108o
72EL108O
72EL108111
72EL10879
72EL76o
72EL76O
72EL76111
72EL7679
72E108lo
72E108lO
72E108l111
72E108l79
72E108Lo
72E108LO
72E108L111
72E108L79
72E108108o
72E108108O
72E108108111
72E10810879
72E10876o
72E10876O
72E10876111
72E1087679
72E76lo
72E76lO
72E76l111
72E76l79
72E76Lo
72E76LO
72E76L111
72E76L79
72E76108o
72E76108O
72E76108111
72E7610879
72E7676o
72E7676O
72E7676111
72E767679
72101llo
72101llO
72101ll111
72101ll79
72101lLo
72101lLO
72101lL111
72101lL79
72101l108o
72101l108O
72101l108111
72101l10879
72101l76o
72101l76O
72101l76111
72101l7679
72101Llo
72101LlO
72101Ll111
72101Ll79
72101LLo
72101LLO
72101LL111
72101LL79
72101L108o
72101L108O
72101L108111
72101L10879
72101L76o
72101L76O
72101L76111
72101L7679
72101108lo
72101108lO
72101108l111
72101108l79
72101108Lo
72101108LO
72101108L111
72101108L79
72101108108o
72101108108O
72101108108111
7210110810879
7210110876o
7210110876O
7210110876111
721011087679
7210176lo
7210176lO
7210176l111
7210176l79
7210176Lo
7210176LO
7210176L111
7210176L79
7210176108o
7210176108O
7210176108111
721017610879
721017676o
721017676O
721017676111
72101767679
7269llo
7269llO
7269ll111
7269ll79
7269lLo
7269lLO
7269lL111
7269lL79
7269l108o
7269l108O
7269l108111
7269l10879
7269l76o
7269l76O
7269l76111
7269l7679
7269Llo
7269LlO
7269Ll111
7269Ll79
7269LLo
7269LLO
7269LL111
7269LL79
7269L108o
7269L108O
7269L108111
7269L10879
7269L76o
7269L76O
7269L76111
7269L7679
7269108lo
7269108lO
7269108l111
7269108l79
7269108Lo
7269108LO
7269108L111
7269108L79
7269108108o
7269108108O
7269108108111
726910810879
726910876o
726910876O
726910876111
72691087679
726976lo
726976lO
726976l111
726976l79
726976Lo
726976LO
726976L111
726976L79
726976108o
726976108O
726976108111
72697610879
72697676o
72697676O
72697676111
7269767679
